C51 COMPILER V9.56.0.0   DELAY                                                             12/30/2019 10:12:39 PAGE 1   


C51 COMPILER V9.56.0.0, COMPILATION OF MODULE DELAY
OBJECT MODULE PLACED IN ..\OBJ\delay.obj
COMPILER INVOKED BY: D:\ProgramFiles\keil\C51\BIN\C51.EXE ..\SYS\delay\delay.c OPTIMIZE(8,SPEED) BROWSE INCDIR(..\HARDWA
                    -RE\NRF24L01;..\HARDWARE\SPI;..\SYS\delay;..\SYS\sys;..\HARDWARE\LED;..\HARDWARE\UART;..\HARDWARE\KEY) DEBUG OBJECTEXTEND
                    - PRINT(..\OBJ\delay.lst) OBJECT(..\OBJ\delay.obj)

line level    source

   1          #include "delay.h"
   2          
   3          //理解延时的原理，直接用  delay_ms delay_us()两个函数代替
   4          
   5          
   6          void delay(unsigned long times)
   7          {
   8   1         unsigned long i;
   9   1         for(i=0;i < times;i++);      
  10   1      }
  11          
  12          //=====================================================================================
  13          //函数: delay()
  14          //功能：延迟            
  15          //=====================================================================================
  16          void delay_us(uchar n)
  17          {
  18   1              unsigned long i;
  19   1              for(i=0;i < n;i++);
  20   1      }
  21          
  22          //=====================================================================================
  23          //函数: delay()
  24          //功能：延迟            
  25          //=====================================================================================
  26          void delay_900us(void)
  27          {
  28   1              unsigned long i,j;
  29   1              for(i=0;i < 3;i++)
  30   1                      for(j=0;j<50;j++);
  31   1      }
  32          
  33          


MODULE INFORMATION:   STATIC OVERLAYABLE
   CODE SIZE        =    223    ----
   CONSTANT SIZE    =   ----    ----
   XDATA SIZE       =   ----    ----
   PDATA SIZE       =   ----    ----
   DATA SIZE        =   ----      21
   IDATA SIZE       =   ----    ----
   BIT SIZE         =   ----    ----
END OF MODULE INFORMATION.


C51 COMPILATION COMPLETE.  0 WARNING(S),  0 ERROR(S)
