C51 COMPILER V9.56.0.0   KEY                                                               12/30/2019 10:12:39 PAGE 1   


C51 COMPILER V9.56.0.0, COMPILATION OF MODULE KEY
OBJECT MODULE PLACED IN ..\OBJ\key.obj
COMPILER INVOKED BY: D:\ProgramFiles\keil\C51\BIN\C51.EXE ..\HARDWARE\KEY\key.c OPTIMIZE(8,SPEED) BROWSE INCDIR(..\HARDW
                    -ARE\NRF24L01;..\HARDWARE\SPI;..\SYS\delay;..\SYS\sys;..\HARDWARE\LED;..\HARDWARE\UART;..\HARDWARE\KEY) DEBUG OBJECTEXTEN
                    -D PRINT(..\OBJ\key.lst) OBJECT(..\OBJ\key.obj)

line level    source

   1          #include "key.h"
   2          #include "delay.h"
   3          
   4          void KEY_Init(void)
   5          {
   6   1              //配置KEY引脚为输入 P2.5
   7   1              P2M0 &= 0xDF;
   8   1              P2M0 |= 0x20;
   9   1              
  10   1              P2M1 &= 0xDF;// M0 M1
  11   1                                      //      1  0
  12   1      }
  13          
  14          //mode: 0,不支持连按; 1,支持连按
  15          uchar KEY_Scan(uchar mode)
  16          {
  17   1              static uchar key_up = 1;        //按键松开标志
  18   1              if(mode)
  19   1                      key_up = 1;     //支持连按
  20   1              if(key_up && KEY == 0)
  21   1              {
  22   2                      delay(TIME_10MS);       //去抖
  23   2                      key_up = 0;
  24   2                      if(KEY == 0)
  25   2                              return 1;
  26   2              }
  27   1              else if(KEY == 1) key_up = 1;
  28   1              return 0;       //无按键按下
  29   1      }


MODULE INFORMATION:   STATIC OVERLAYABLE
   CODE SIZE        =     52    ----
   CONSTANT SIZE    =   ----    ----
   XDATA SIZE       =   ----    ----
   PDATA SIZE       =   ----    ----
   DATA SIZE        =      1    ----
   IDATA SIZE       =   ----    ----
   BIT SIZE         =   ----    ----
END OF MODULE INFORMATION.


C51 COMPILATION COMPLETE.  0 WARNING(S),  0 ERROR(S)
